<?xml version="1.0" encoding="UTF-8"?>
<!-- Generated by org.testng.reporters.JUnitXMLReporter -->
<testsuite ignored="0" hostname="Disha" failures="1" tests="1" name="Test" time="0.415" errors="0" timestamp="2023-12-12T22:20:41 GMT">
  <testcase classname="com.tutorialsninja.demo.testsuite.DesktopsTest" name="verifyProduct1AddedToShoppingCartSuccessFully" time="0.0">
    <failure type="org.testng.TestNGException" message="
Method public void com.tutorialsninja.demo.testsuite.DesktopsTest.verifyProduct1AddedToShoppingCartSuccessFully(java.lang.String,java.lang.String,java.lang.String,java.lang.String,java.lang.String,java.lang.String) requires a @DataProvider named : Product1 in class resources.testdata.TestData">
      <![CDATA[org.testng.TestNGException: 
Method public void com.tutorialsninja.demo.testsuite.DesktopsTest.verifyProduct1AddedToShoppingCartSuccessFully(java.lang.String,java.lang.String,java.lang.String,java.lang.String,java.lang.String,java.lang.String) requires a @DataProvider named : Product1 in class resources.testdata.TestData
at java.base/java.util.ArrayList.forEach(ArrayList.java:1511)
at com.intellij.rt.testng.IDEARemoteTestNG.run(IDEARemoteTestNG.java:66)
at com.intellij.rt.testng.RemoteTestNGStarter.main(RemoteTestNGStarter.java:105)
... Removed 21 stack frames]]>
    </failure>
  </testcase> <!-- verifyProduct1AddedToShoppingCartSuccessFully -->
</testsuite> <!-- Test -->
